<?xml version="1.0" encoding="windows-1251" standalone="no"?>
<!DOCTYPE log SYSTEM "logger.dtd">
<log>
<record>
  <date>2023-04-23T05:58:38.709233500Z</date>
  <millis>1682229518709</millis>
  <nanos>233500</nanos>
  <sequence>0</sequence>
  <logger>task1</logger>
  <level>INFO</level>
  <class>task1</class>
  <method>main</method>
  <thread>1</thread>
  <message>Sort Array</message>
</record>
<record>
  <date>2023-04-23T05:58:38.774193400Z</date>
  <millis>1682229518774</millis>
  <nanos>193400</nanos>
  <sequence>1</sequence>
  <logger>task1</logger>
  <level>INFO</level>
  <class>task1</class>
  <method>main</method>
  <thread>1</thread>
  <message>Первый цикл[11, 3, 14, 16, 7, 23, 5, 9]</message>
</record>
<record>
  <date>2023-04-23T05:58:38.776192400Z</date>
  <millis>1682229518776</millis>
  <nanos>192400</nanos>
  <sequence>2</sequence>
  <logger>task1</logger>
  <level>INFO</level>
  <class>task1</class>
  <method>main</method>
  <thread>1</thread>
  <message>Второй цикл[3, 11, 14, 16, 7, 23, 5, 9]</message>
</record>
<record>
  <date>2023-04-23T05:58:38.777191500Z</date>
  <millis>1682229518777</millis>
  <nanos>191500</nanos>
  <sequence>3</sequence>
  <logger>task1</logger>
  <level>INFO</level>
  <class>task1</class>
  <method>main</method>
  <thread>1</thread>
  <message>Второй цикл[3, 11, 14, 16, 7, 23, 5, 9]</message>
</record>
<record>
  <date>2023-04-23T05:58:38.779190800Z</date>
  <millis>1682229518779</millis>
  <nanos>190800</nanos>
  <sequence>4</sequence>
  <logger>task1</logger>
  <level>INFO</level>
  <class>task1</class>
  <method>main</method>
  <thread>1</thread>
  <message>Второй цикл[3, 11, 14, 16, 7, 23, 5, 9]</message>
</record>
<record>
  <date>2023-04-23T05:58:38.781189200Z</date>
  <millis>1682229518781</millis>
  <nanos>189200</nanos>
  <sequence>5</sequence>
  <logger>task1</logger>
  <level>INFO</level>
  <class>task1</class>
  <method>main</method>
  <thread>1</thread>
  <message>Второй цикл[3, 11, 14, 7, 16, 23, 5, 9]</message>
</record>
<record>
  <date>2023-04-23T05:58:38.783187600Z</date>
  <millis>1682229518783</millis>
  <nanos>187600</nanos>
  <sequence>6</sequence>
  <logger>task1</logger>
  <level>INFO</level>
  <class>task1</class>
  <method>main</method>
  <thread>1</thread>
  <message>Второй цикл[3, 11, 14, 7, 16, 23, 5, 9]</message>
</record>
<record>
  <date>2023-04-23T05:58:38.784187400Z</date>
  <millis>1682229518784</millis>
  <nanos>187400</nanos>
  <sequence>7</sequence>
  <logger>task1</logger>
  <level>INFO</level>
  <class>task1</class>
  <method>main</method>
  <thread>1</thread>
  <message>Второй цикл[3, 11, 14, 7, 16, 5, 23, 9]</message>
</record>
<record>
  <date>2023-04-23T05:58:38.786185800Z</date>
  <millis>1682229518786</millis>
  <nanos>185800</nanos>
  <sequence>8</sequence>
  <logger>task1</logger>
  <level>INFO</level>
  <class>task1</class>
  <method>main</method>
  <thread>1</thread>
  <message>Второй цикл[3, 11, 14, 7, 16, 5, 9, 23]</message>
</record>
<record>
  <date>2023-04-23T05:58:38.788184900Z</date>
  <millis>1682229518788</millis>
  <nanos>184900</nanos>
  <sequence>9</sequence>
  <logger>task1</logger>
  <level>INFO</level>
  <class>task1</class>
  <method>main</method>
  <thread>1</thread>
  <message>Первый цикл[3, 11, 14, 7, 16, 5, 9, 23]</message>
</record>
<record>
  <date>2023-04-23T05:58:38.789183500Z</date>
  <millis>1682229518789</millis>
  <nanos>183500</nanos>
  <sequence>10</sequence>
  <logger>task1</logger>
  <level>INFO</level>
  <class>task1</class>
  <method>main</method>
  <thread>1</thread>
  <message>Второй цикл[3, 11, 14, 7, 16, 5, 9, 23]</message>
</record>
<record>
  <date>2023-04-23T05:58:38.793182Z</date>
  <millis>1682229518793</millis>
  <nanos>182000</nanos>
  <sequence>11</sequence>
  <logger>task1</logger>
  <level>INFO</level>
  <class>task1</class>
  <method>main</method>
  <thread>1</thread>
  <message>Второй цикл[3, 11, 14, 7, 16, 5, 9, 23]</message>
</record>
<record>
  <date>2023-04-23T05:58:38.795180700Z</date>
  <millis>1682229518795</millis>
  <nanos>180700</nanos>
  <sequence>12</sequence>
  <logger>task1</logger>
  <level>INFO</level>
  <class>task1</class>
  <method>main</method>
  <thread>1</thread>
  <message>Второй цикл[3, 11, 7, 14, 16, 5, 9, 23]</message>
</record>
<record>
  <date>2023-04-23T05:58:38.797180500Z</date>
  <millis>1682229518797</millis>
  <nanos>180500</nanos>
  <sequence>13</sequence>
  <logger>task1</logger>
  <level>INFO</level>
  <class>task1</class>
  <method>main</method>
  <thread>1</thread>
  <message>Второй цикл[3, 11, 7, 14, 16, 5, 9, 23]</message>
</record>
<record>
  <date>2023-04-23T05:58:38.798178500Z</date>
  <millis>1682229518798</millis>
  <nanos>178500</nanos>
  <sequence>14</sequence>
  <logger>task1</logger>
  <level>INFO</level>
  <class>task1</class>
  <method>main</method>
  <thread>1</thread>
  <message>Второй цикл[3, 11, 7, 14, 5, 16, 9, 23]</message>
</record>
<record>
  <date>2023-04-23T05:58:38.801177100Z</date>
  <millis>1682229518801</millis>
  <nanos>177100</nanos>
  <sequence>15</sequence>
  <logger>task1</logger>
  <level>INFO</level>
  <class>task1</class>
  <method>main</method>
  <thread>1</thread>
  <message>Второй цикл[3, 11, 7, 14, 5, 9, 16, 23]</message>
</record>
<record>
  <date>2023-04-23T05:58:38.802176Z</date>
  <millis>1682229518802</millis>
  <nanos>176000</nanos>
  <sequence>16</sequence>
  <logger>task1</logger>
  <level>INFO</level>
  <class>task1</class>
  <method>main</method>
  <thread>1</thread>
  <message>Первый цикл[3, 11, 7, 14, 5, 9, 16, 23]</message>
</record>
<record>
  <date>2023-04-23T05:58:38.805175Z</date>
  <millis>1682229518805</millis>
  <nanos>175000</nanos>
  <sequence>17</sequence>
  <logger>task1</logger>
  <level>INFO</level>
  <class>task1</class>
  <method>main</method>
  <thread>1</thread>
  <message>Второй цикл[3, 11, 7, 14, 5, 9, 16, 23]</message>
</record>
<record>
  <date>2023-04-23T05:58:38.809171900Z</date>
  <millis>1682229518809</millis>
  <nanos>171900</nanos>
  <sequence>18</sequence>
  <logger>task1</logger>
  <level>INFO</level>
  <class>task1</class>
  <method>main</method>
  <thread>1</thread>
  <message>Второй цикл[3, 7, 11, 14, 5, 9, 16, 23]</message>
</record>
<record>
  <date>2023-04-23T05:58:38.812170500Z</date>
  <millis>1682229518812</millis>
  <nanos>170500</nanos>
  <sequence>19</sequence>
  <logger>task1</logger>
  <level>INFO</level>
  <class>task1</class>
  <method>main</method>
  <thread>1</thread>
  <message>Второй цикл[3, 7, 11, 14, 5, 9, 16, 23]</message>
</record>
<record>
  <date>2023-04-23T05:58:38.814168800Z</date>
  <millis>1682229518814</millis>
  <nanos>168800</nanos>
  <sequence>20</sequence>
  <logger>task1</logger>
  <level>INFO</level>
  <class>task1</class>
  <method>main</method>
  <thread>1</thread>
  <message>Второй цикл[3, 7, 11, 5, 14, 9, 16, 23]</message>
</record>
<record>
  <date>2023-04-23T05:58:38.816167Z</date>
  <millis>1682229518816</millis>
  <nanos>167000</nanos>
  <sequence>21</sequence>
  <logger>task1</logger>
  <level>INFO</level>
  <class>task1</class>
  <method>main</method>
  <thread>1</thread>
  <message>Второй цикл[3, 7, 11, 5, 9, 14, 16, 23]</message>
</record>
<record>
  <date>2023-04-23T05:58:38.818166900Z</date>
  <millis>1682229518818</millis>
  <nanos>166900</nanos>
  <sequence>22</sequence>
  <logger>task1</logger>
  <level>INFO</level>
  <class>task1</class>
  <method>main</method>
  <thread>1</thread>
  <message>Первый цикл[3, 7, 11, 5, 9, 14, 16, 23]</message>
</record>
<record>
  <date>2023-04-23T05:58:38.819166900Z</date>
  <millis>1682229518819</millis>
  <nanos>166900</nanos>
  <sequence>23</sequence>
  <logger>task1</logger>
  <level>INFO</level>
  <class>task1</class>
  <method>main</method>
  <thread>1</thread>
  <message>Второй цикл[3, 7, 11, 5, 9, 14, 16, 23]</message>
</record>
<record>
  <date>2023-04-23T05:58:38.821163700Z</date>
  <millis>1682229518821</millis>
  <nanos>163700</nanos>
  <sequence>24</sequence>
  <logger>task1</logger>
  <level>INFO</level>
  <class>task1</class>
  <method>main</method>
  <thread>1</thread>
  <message>Второй цикл[3, 7, 11, 5, 9, 14, 16, 23]</message>
</record>
<record>
  <date>2023-04-23T05:58:38.822163500Z</date>
  <millis>1682229518822</millis>
  <nanos>163500</nanos>
  <sequence>25</sequence>
  <logger>task1</logger>
  <level>INFO</level>
  <class>task1</class>
  <method>main</method>
  <thread>1</thread>
  <message>Второй цикл[3, 7, 5, 11, 9, 14, 16, 23]</message>
</record>
<record>
  <date>2023-04-23T05:58:38.826161600Z</date>
  <millis>1682229518826</millis>
  <nanos>161600</nanos>
  <sequence>26</sequence>
  <logger>task1</logger>
  <level>INFO</level>
  <class>task1</class>
  <method>main</method>
  <thread>1</thread>
  <message>Второй цикл[3, 7, 5, 9, 11, 14, 16, 23]</message>
</record>
<record>
  <date>2023-04-23T05:58:38.828162500Z</date>
  <millis>1682229518828</millis>
  <nanos>162500</nanos>
  <sequence>27</sequence>
  <logger>task1</logger>
  <level>INFO</level>
  <class>task1</class>
  <method>main</method>
  <thread>1</thread>
  <message>Первый цикл[3, 7, 5, 9, 11, 14, 16, 23]</message>
</record>
<record>
  <date>2023-04-23T05:58:38.830163100Z</date>
  <millis>1682229518830</millis>
  <nanos>163100</nanos>
  <sequence>28</sequence>
  <logger>task1</logger>
  <level>INFO</level>
  <class>task1</class>
  <method>main</method>
  <thread>1</thread>
  <message>Второй цикл[3, 7, 5, 9, 11, 14, 16, 23]</message>
</record>
<record>
  <date>2023-04-23T05:58:38.832156700Z</date>
  <millis>1682229518832</millis>
  <nanos>156700</nanos>
  <sequence>29</sequence>
  <logger>task1</logger>
  <level>INFO</level>
  <class>task1</class>
  <method>main</method>
  <thread>1</thread>
  <message>Второй цикл[3, 5, 7, 9, 11, 14, 16, 23]</message>
</record>
<record>
  <date>2023-04-23T05:58:38.833156700Z</date>
  <millis>1682229518833</millis>
  <nanos>156700</nanos>
  <sequence>30</sequence>
  <logger>task1</logger>
  <level>INFO</level>
  <class>task1</class>
  <method>main</method>
  <thread>1</thread>
  <message>Второй цикл[3, 5, 7, 9, 11, 14, 16, 23]</message>
</record>
<record>
  <date>2023-04-23T05:58:38.835155300Z</date>
  <millis>1682229518835</millis>
  <nanos>155300</nanos>
  <sequence>31</sequence>
  <logger>task1</logger>
  <level>INFO</level>
  <class>task1</class>
  <method>main</method>
  <thread>1</thread>
  <message>Первый цикл[3, 5, 7, 9, 11, 14, 16, 23]</message>
</record>
<record>
  <date>2023-04-23T05:58:38.837154200Z</date>
  <millis>1682229518837</millis>
  <nanos>154200</nanos>
  <sequence>32</sequence>
  <logger>task1</logger>
  <level>INFO</level>
  <class>task1</class>
  <method>main</method>
  <thread>1</thread>
  <message>Второй цикл[3, 5, 7, 9, 11, 14, 16, 23]</message>
</record>
<record>
  <date>2023-04-23T05:58:38.838154200Z</date>
  <millis>1682229518838</millis>
  <nanos>154200</nanos>
  <sequence>33</sequence>
  <logger>task1</logger>
  <level>INFO</level>
  <class>task1</class>
  <method>main</method>
  <thread>1</thread>
  <message>Второй цикл[3, 5, 7, 9, 11, 14, 16, 23]</message>
</record>
<record>
  <date>2023-04-23T05:58:38.842154700Z</date>
  <millis>1682229518842</millis>
  <nanos>154700</nanos>
  <sequence>34</sequence>
  <logger>task1</logger>
  <level>INFO</level>
  <class>task1</class>
  <method>main</method>
  <thread>1</thread>
  <message>Первый цикл[3, 5, 7, 9, 11, 14, 16, 23]</message>
</record>
<record>
  <date>2023-04-23T05:58:38.844150100Z</date>
  <millis>1682229518844</millis>
  <nanos>150100</nanos>
  <sequence>35</sequence>
  <logger>task1</logger>
  <level>INFO</level>
  <class>task1</class>
  <method>main</method>
  <thread>1</thread>
  <message>Второй цикл[3, 5, 7, 9, 11, 14, 16, 23]</message>
</record>
